<?xml version="1.0" encoding="UTF-8"?>
<!-- Generated by org.testng.reporters.JUnitReportReporter -->
<testsuite hostname="LIN51014981" failures="0" tests="8" name="testSuiteBDD.TestRunner" time="18.121" errors="0" timestamp="18 Apr 2022 11:11:30 GMT" skipped="0">
  <testcase classname="testSuiteBDD.TestRunner" name="runScenario" time="0.651"/>
  <testcase classname="testSuiteBDD.TestRunner" name="runScenario" time="4.582"/>
  <testcase classname="testSuiteBDD.TestRunner" name="runScenario" time="0.100"/>
  <testcase classname="testSuiteBDD.TestRunner" name="runScenario" time="5.384"/>
  <testcase classname="testSuiteBDD.TestRunner" name="runScenario" time="0.298"/>
  <testcase classname="testSuiteBDD.TestRunner" name="runScenario" time="2.864"/>
  <testcase classname="testSuiteBDD.TestRunner" name="runScenario" time="3.025"/>
  <testcase classname="testSuiteBDD.TestRunner" name="runScenario" time="1.217"/>
</testsuite> <!-- testSuiteBDD.TestRunner -->
